"../../../Engine/Content/EditorResources/S_Actor.uasset" 0
"../../../Engine/Content/EngineResources/AICON-Red.uasset" 1
"../../../Engine/Content/EngineResources/AICON-Green.uasset" 2
"../../../Engine/Content/EngineFonts/Roboto.uasset" 3
"../../../Engine/Content/Functions/Engine_MaterialFunctions01/Shading/PowerToRoughness.uasset" 4
"../../../Engine/Content/Functions/Engine_MaterialFunctions01/Shading/ConvertFromDiffSpec.uasset" 5
"../../../Engine/Content/EngineMaterials/DefaultDiffuse.uasset" 6
"../../../Engine/Content/EngineMaterials/DefaultDeferredDecalMaterial.uasset" 7
"../../../Engine/Content/EngineMaterials/DefaultLightFunctionMaterial.uasset" 8
"../../../Engine/Content/Functions/Engine_MaterialFunctions02/Utility/BreakOutFloat2Components.uasset" 9
"../../../Engine/Content/EngineMaterials/DefaultPostProcessMaterial.uasset" 10
"../../../Engine/Content/EngineResources/DefaultTexture.uasset" 11
"../../../Engine/Content/Functions/Engine_MaterialFunctions01/Texturing/ScaleUVsByCenter.uasset" 12
"../../../Engine/Content/Functions/Engine_MaterialFunctions02/ScreenResolution.uasset" 13
"../../../Engine/Content/Functions/Engine_MaterialFunctions02/Texturing/ScreenAlignedUVs.uasset" 14
"../../../Engine/Content/EngineResources/WhiteSquareTexture.uasset" 15
"../../../Engine/Content/EngineMaterials/Widget3DPassThrough.uasset" 16
"../../../Engine/Content/EngineMaterials/Widget3DPassThrough_Translucent.uasset" 17
"../../../Engine/Content/EngineMaterials/Widget3DPassThrough_Translucent_OneSided.uasset" 18
"../../../Engine/Content/EngineMaterials/Widget3DPassThrough_Opaque.uasset" 19
"../../../Engine/Content/EngineMaterials/Widget3DPassThrough_Opaque_OneSided.uasset" 20
"../../../Engine/Content/EngineMaterials/Widget3DPassThrough_Masked.uasset" 21
"../../../Engine/Content/EngineMaterials/Widget3DPassThrough_Masked_OneSided.uasset" 22
"../../../Engine/Content/Maps/Templates/Thumbnails/Default.uasset" 23
"../../../Engine/Content/Maps/Templates/Thumbnails/VR-Basic.uasset" 24
"../../../Engine/Content/EditorMaterials/ParticleSystems/PSysThumbnail_NoImage.uasset" 25
"../../../Engine/Content/EditorMaterials/ParticleSystems/PSysThumbnail_OOD.uasset" 26
"../../../Engine/Content/EditorLandscapeResources/DataLayer.uasset" 27
"../../../Engine/Content/EngineDamageTypes/DmgTypeBP_Environmental.uasset" 28
"../../../Engine/Content/EngineMeshes/Sphere.uasset" 29
"../../../Engine/Content/EngineFonts/RobotoDistanceField.uasset" 30
"../../../Engine/Content/EngineMaterials/DefaultTextMaterialOpaque.uasset" 31
"../../../Engine/Content/EditorResources/S_Trigger.uasset" 32
"../../../Engine/Content/EngineResources/GradientTexture0.uasset" 33
"../../../Engine/Content/EngineResources/Black.uasset" 34
"../../../Engine/Content/EditorMaterials/MatineeGroups/MAT_Groups_Float.uasset" 35
"../../../Engine/Content/EditorMaterials/MatineeGroups/MAT_Groups_Director.uasset" 36
"../../../Engine/Content/EditorMaterials/MatineeGroups/MAT_Groups_Event.uasset" 37
"../../../Engine/Content/EditorMaterials/MatineeGroups/MAT_Groups_Anim.uasset" 38
"../../../Engine/Content/EditorMaterials/MatineeGroups/MAT_Groups_Fade.uasset" 39
"../../../Engine/Content/EditorMaterials/MatineeGroups/MAT_Groups_Move.uasset" 40
"../../../Engine/Content/EditorMaterials/MatineeGroups/MAT_Groups_Slomo.uasset" 41
"../../../Engine/Content/EditorMaterials/MatineeGroups/MAT_ColorTrack.uasset" 42
"../../../Engine/Content/EditorMaterials/MAT_Groups_Toggle.uasset" 43
"../../../Engine/Content/EditorMaterials/MatineeGroups/MAT_Groups_AudioMaster.uasset" 44
"../../../Engine/Content/EditorMaterials/MatineeGroups/MAT_Groups_Sound.uasset" 45
"../../../Engine/Content/EditorMaterials/MatineeGroups/MAT_Groups_Vector.uasset" 46
"../../../Engine/Content/EditorMaterials/MAT_Groups_Visibility.uasset" 47
"../../../Engine/Content/EngineResources/DefaultTextureCube.uasset" 48
"../../../Engine/Content/Functions/Engine_MaterialFunctions01/Opacity/CameraDepthFade.uasset" 49
"../../../Engine/Content/EngineMaterials/T_Default_Material_Grid_M.uasset" 50
"../../../Engine/Content/EngineMaterials/T_Default_Material_Grid_N.uasset" 51
"../../../Engine/Content/EngineMaterials/DefaultMaterial.uasset" 52
"../../../Engine/Content/EngineMeshes/Cylinder.uasset" 53
"../../../Engine/Content/EngineTireTypes/DefaultTireType.uasset" 54
"../../../Engine/Content/EditorMaterials/Camera/CineMat.uasset" 55
"../../../Engine/Content/EditorMaterials/Camera/MI_CineMat_Rig.uasset" 56
"../../../Engine/Content/EditorMeshes/Camera/SM_CraneRig_Base.uasset" 57
"../../../Engine/Content/EditorMeshes/Camera/SM_CraneRig_Arm.uasset" 58
"../../../Engine/Content/EditorMeshes/Camera/SM_CraneRig_Mount.uasset" 59
"../../../Engine/Content/EditorMeshes/Camera/SM_CraneRig_Body.uasset" 60
"../../../Engine/Content/EditorMeshes/Camera/SM_RailRig_Track.uasset" 61
"../../../Engine/Content/EditorMeshes/Camera/SM_RailRig_Mount.uasset" 62
"../../../Engine/Content/VREditor/LaserPointer/VR_LaserPower_01.uasset" 63
"../../../Engine/Content/VREditor/TransformGizmo/TransformGizmoMaterial.uasset" 64
"../../../Engine/Content/VREditor/TransformGizmo/TranslucentTransformGizmoMaterial.uasset" 65
"../../../Engine/Content/VREditor/TransformGizmo/TranslationHandle.uasset" 66
"../../../Engine/Content/VREditor/TransformGizmo/PlaneTranslationHandle.uasset" 67
"../../../Engine/Content/VREditor/TransformGizmo/RotationHandle.uasset" 68
"../../../Engine/Content/VREditor/TransformGizmo/StretchingHandle.uasset" 69
"../../../Engine/Content/VREditor/TransformGizmo/BoundingBoxCorner.uasset" 70
"../../../Engine/Content/VREditor/TransformGizmo/BoundingBoxEdge.uasset" 71
"../../../Engine/Content/VREditor/TransformGizmo/UniformScaleHandle.uasset" 72
"../../../Engine/Content/VREditor/FloatingText/LineMaterial.uasset" 73
"../../../Engine/Content/VREditor/FloatingText/LineSegmentCylinder.uasset" 74
"../../../Engine/Content/VREditor/FloatingText/JointSphere.uasset" 75
"../../../Engine/Content/VREditor/Fonts/VRText_RobotoLarge.uasset" 76
"../../../Engine/Content/VREditor/Fonts/VRTextMaterial.uasset" 77
"../../../Engine/Content/VREditor/Fonts/TranslucentVRTextMaterial.uasset" 78
"../../../Engine/Content/VREditor/UI/SelectionBarMesh.uasset" 79
"../../../Engine/Content/VREditor/UI/CloseButtonMesh.uasset" 80
"../../../Engine/Content/Tutorial/Basics/TutorialAssets/icon_tab_Levels_40x.uasset" 81
"../../../Engine/Content/Tutorial/ContentIntroCurve.uasset" 82
"../../../Engine/Plugins/2D/Paper2D/Content/PlaceholderTextures/DummySpriteTexture.uasset" 83
"../../../Engine/Plugins/2D/Paper2D/Content/DefaultSpriteMaterial.uasset" 84
"../../../Engine/Plugins/2D/Paper2D/Content/MaskedUnlitSpriteMaterial.uasset" 85
"../../../Engine/Plugins/2D/Paper2D/Content/OpaqueUnlitSpriteMaterial.uasset" 86
"../../../Engine/Plugins/2D/Paper2D/Content/DummySprite.uasset" 87
"../../../Engine/Plugins/2D/Paper2D/Content/DefaultPaperTerrainMaterial.uasset" 88
"../../../Engine/Content/EngineMaterials/RemoveSurfaceMaterial.uasset" 89
"../../../Engine/Content/EngineDebugMaterials/DebugMeshMaterial.uasset" 90
"../../../Engine/Content/EngineMaterials/InvalidLightmapSettings.uasset" 91
"../../../Engine/Content/EngineMaterials/M_InvalidLightmapSettings.uasset" 92
"../../../Engine/Content/EditorMaterials/GizmoMaterial.uasset" 93
"../../../Engine/Content/EngineMaterials/Good64x64TilingNoiseHighFreq.uasset" 94
"../../../Engine/Content/EngineMaterials/DefaultBokeh.uasset" 95
"../../../Engine/Content/EngineMaterials/PreintegratedSkinBRDF.uasset" 96
"../../../Engine/Content/EngineMaterials/MiniFont.uasset" 97
"../../../Engine/Content/EngineMaterials/WeightMapPlaceholderTexture.uasset" 98
"../../../Engine/Content/EngineMaterials/DefaultWhiteGrid.uasset" 99
"../../../Engine/Content/EngineMaterials/DefaultPhysicalMaterial.uasset" 100
"../../../Engine/Content/EngineFonts/RobotoTiny.uasset" 101
"../../../Engine/Content/EditorSounds/Notifications/CompileSuccess.uasset" 102
"../../../Engine/Content/EditorSounds/Notifications/CompileStart_Cue.uasset" 103
"../../../Engine/Content/EditorSounds/Notifications/CompileSuccess_Cue.uasset" 104
"../../../Engine/Content/EditorSounds/Notifications/CompileFailed.uasset" 105
"../../../Engine/Content/EditorSounds/Notifications/CompileFailed_Cue.uasset" 106
"../../../Engine/Content/MobileResources/HUD/MobileHUDButton2_on.uasset" 107
"../../../Engine/Content/EditorResources/LightIcons/S_LightError.uasset" 108
"../../../Engine/Content/EditorResources/EmptyActor.uasset" 109
"../../../strelba/Content/StarterContent/Materials/M_Basic_Wall.uasset" 110
"../../../strelba/Content/StarterContent/Shapes/Shape_Wedge_A.uasset" 111
"../../../strelba/Content/StarterContent/Shapes/Shape_TriPyramid.uasset" 112
"../../../strelba/Content/StarterContent/Shapes/Shape_Tube.uasset" 113
"../../../Engine/Content/MobileResources/T_MobileMenu2.uasset" 114
"../../../Engine/Content/MobileResources/HUD/MobileHUDButton2_off.uasset" 115
"../../../Engine/Content/MobileResources/HUD/MobileHUDButton1_off.uasset" 116
"../../../Engine/Content/MobileResources/HUD/MobileHUDButton3.uasset" 117
"../../../Engine/Content/MobileResources/HUD/MobileHUDDirectionPad.uasset" 118
"../../../Engine/Content/MobileResources/HUD/MobileHUDDirectionPad2.uasset" 119
"../../../strelba/Content/FirstPerson/FPWeapon/Materials/MaterialLayers/ML_Plastic_Shiny_Beige_LOGO.uasset" 120
"../../../Engine/Content/MobileResources/HUD/MobileHUDButton1_on.uasset" 121
"../../../Engine/Content/MobileResources/T_MobileControls_texture.uasset" 122
"../../../Engine/Content/MobileResources/HUD/AnalogHat.uasset" 123
"../../../Engine/Content/MobileResources/HUD/VirtualJoystick_Background.uasset" 124
"../../../Engine/Content/MobileResources/HUD/VirtualJoystick_Thumb.uasset" 125
"../../../Engine/Content/MobileResources/HUD/DefaultVirtualJoysticks.uasset" 126
"../../../Engine/Content/MobileResources/HUD/LeftVirtualJoystickOnly.uasset" 127
"../../../strelba/Content/StarterContent/Shapes/Shape_Cone.uasset" 128
"../../../strelba/Content/StarterContent/Shapes/Shape_Cylinder.uasset" 129
"../../../strelba/Content/StarterContent/Shapes/Shape_NarrowCapsule.uasset" 130
"../../../strelba/Content/StarterContent/Shapes/Shape_Pipe.uasset" 131
"../../../strelba/Content/StarterContent/Shapes/Shape_Pipe_180.uasset" 132
"../../../strelba/Content/StarterContent/Shapes/Shape_Pipe_90.uasset" 133
"../../../strelba/Content/StarterContent/Shapes/Shape_Plane.uasset" 134
"../../../strelba/Content/StarterContent/Shapes/Shape_Torus.uasset" 135
"../../../strelba/Content/StarterContent/Shapes/Shape_Trim.uasset" 136
"../../../strelba/Content/StarterContent/Shapes/Shape_Trim_90_In.uasset" 137
"../../../strelba/Content/StarterContent/Shapes/Shape_Trim_90_Out.uasset" 138
"../../../strelba/Content/FirstPerson/FPWeapon/Materials/MaterialLayers/T_ML_FineRubber.uasset" 139
"../../../strelba/Content/StarterContent/Props/Materials/M_MaterialSphere.uasset" 140
"../../../strelba/Content/StarterContent/Props/Materials/M_MaterialSphere_Plain.uasset" 141
"../../../strelba/Content/StarterContent/Props/SM_MatPreviewMesh_02.uasset" 142
"../../../Engine/Content/Functions/Engine_MaterialFunctions02/Utility/BlendAngleCorrectedNormals.uasset" 143
"../../../strelba/Content/StarterContent/Textures/T_Detail_Rocky_N.uasset" 144
"../../../strelba/Content/StarterContent/Textures/T_Rock_Basalt_D.uasset" 145
"../../../strelba/Content/StarterContent/Textures/T_RockMesh_M.uasset" 146
"../../../strelba/Content/StarterContent/Textures/T_RockMesh_N.uasset" 147
"../../../strelba/Content/StarterContent/Props/Materials/M_Rock.uasset" 148
"../../../strelba/Content/StarterContent/Props/SM_Rock.uasset" 149
"../../../strelba/Content/StarterContent/Textures/T_Shelf_M.uasset" 150
"../../../strelba/Content/StarterContent/Textures/T_Shelf_N.uasset" 151
"../../../strelba/Content/StarterContent/Props/Materials/M_Shelf.uasset" 152
"../../../strelba/Content/StarterContent/Props/SM_Shelf.uasset" 153
"../../../strelba/Content/StarterContent/Materials/M_Basic_Floor.uasset" 154
"../../../strelba/Content/StarterContent/Props/SM_Stairs.uasset" 155
"../../../Engine/Content/MobileResources/HUD/MobileHUDDirectionStick.uasset" 156
"../../../Engine/Content/MobileResources/HUD/T_Castle_ThumbstickInner.uasset" 157
"../../../Engine/Content/MobileResources/HUD/MobileHUDDirectionPad3.uasset" 158
"../../../Engine/Content/MobileResources/HUD/T_Castle_ThumbstickOutter.uasset" 159
"../../../strelba/Content/FirstPerson/FPWeapon/Mesh/SK_FPGun_PhysicsAsset.uasset" 160
"../../../Engine/Content/EditorResources/AudioIcons/S_AudioComponent_AutoActivate.uasset" 161
"../../../Engine/Content/MobileResources/HUD/MobileHUDButtonFire.uasset" 162
"../../../Engine/Content/EditorResources/AudioIcons/S_AudioComponent.uasset" 163
"../../../strelba/Content/StarterContent/Shapes/Shape_Wedge_B.uasset" 164
"../../../strelba/Content/StarterContent/Shapes/Shape_WideCapsule.uasset" 165
"../../../Engine/Content/EditorMaterials/PhAT_JointLimitMaterial.uasset" 166
"../../../Engine/Content/EditorMaterials/PreviewShadowIndicator.uasset" 167
"../../../Engine/Content/EditorMaterials/PreviewShadowIndicatorMaterial.uasset" 168
"../../../Engine/Content/EditorResources/BSPVertex.uasset" 169
"../../../Engine/Content/EngineDebugMaterials/HeatmapGradient.uasset" 170
"../../../Engine/Content/EngineDebugMaterials/BoneWeightMaterial.uasset" 171
"../../../Engine/Content/EngineDebugMaterials/GeomMaterial.uasset" 172
"../../../Engine/Content/EngineMaterials/EditorBrushMaterial.uasset" 173
"../../../Engine/Content/EngineMeshes/Cube.uasset" 174
"../../../Engine/Content/Tutorial/BlueprintTutorials/TutorialAssets/BlueprintInterface_64x.uasset" 175
"../../../Engine/Content/Tutorial/BlueprintTutorials/TutorialAssets/BlueprintMacroLibrary_64x.uasset" 176
"../../../Engine/Content/Tutorial/BlueprintTutorials/TutorialAssets/Blueprint_64x.uasset" 177
"../../../Engine/Content/Tutorial/BlueprintTutorials/TutorialAssets/Tutorial_BP_Interface.uasset" 178
"../../../Engine/Content/Tutorial/Foliage/TutorialAssets/Foliage.uasset" 179
"../../../Engine/Content/Tutorial/Landscape/TutorialAssets/Landscape.uasset" 180
"../../../Engine/Content/Tutorial/Paper2D/TutorialAssets/Paper2DFlipbook_TutorialIcon.uasset" 181
"../../../Engine/Content/Tutorial/Paper2D/TutorialAssets/Paper2DSprite_TutorialIcon.uasset" 182
"../../../Engine/Content/Tutorial/SubEditors/TutorialAssets/icon_Editor_Preferences_General_40x.uasset" 183
"../../../Engine/Content/Tutorial/SubEditors/TutorialAssets/icon_ShowSkeletalMeshes_40x.uasset" 184
"../../../Engine/Content/Tutorial/SubEditors/TutorialAssets/TutorialMaterial.uasset" 185
"../../../Engine/Content/Tutorial/SubEditors/TutorialAssets/T_SmokeSubUV_8X8.uasset" 186
"../../../Engine/Content/Tutorial/SubEditors/TutorialAssets/T_soft_smoke.uasset" 187
"../../../Engine/Content/Tutorial/SubEditors/TutorialAssets/M_smoke_subUV_blackbody.uasset" 188
"../../../Engine/Content/Tutorial/SubEditors/TutorialAssets/TutorialParticleSystem.uasset" 189
"../../../Engine/Content/EngineMaterials/WorldGridMaterial.uasset" 190
"../../../Engine/Content/EditorMeshes/EditorCube.uasset" 191
"../../../Engine/Content/Tutorial/SubEditors/TutorialAssets/Tutorial_DM.uasset" 192
"../../../Engine/Content/BasicShapes/BasicShapeMaterial.uasset" 193
"../../../Engine/Content/BasicShapes/Sphere.uasset" 194
"../../../strelba/Content/FirstPersonBP/Blueprints/Gun/Granade2.uasset" 195
"../../../strelba/Content/FirstPersonBP/Blueprints/Gun/Sounds/BulBazuka-0.uasset" 196
"../../../strelba/Content/Geometry/Meshes/CubeMaterial.uasset" 197
"../../../strelba/Content/Geometry/Meshes/1M_Cube_Chamfer.uasset" 198
"../../../strelba/Content/Geometry/Meshes/TemplateFloor.uasset" 199
"../../../strelba/Content/StarterContent/Architecture/Pillar_50x500.uasset" 200
"../../../strelba/Content/StarterContent/Architecture/Wall_400x300.uasset" 201
"../../../strelba/Content/StarterContent/Architecture/Wall_400x400.uasset" 202
"../../../strelba/Content/StarterContent/Architecture/Wall_500x500.uasset" 203
"../../../strelba/Content/StarterContent/Architecture/Wall_Door_400x400.uasset" 204
"../../../strelba/Content/StarterContent/Architecture/Wall_Window_400x400.uasset" 205
"../../../strelba/Content/StarterContent/Audio/Light01_Cue.uasset" 206
"../../../strelba/Content/StarterContent/Audio/Light02_Cue.uasset" 207
"../../../strelba/Content/StarterContent/Audio/Explosion_Cue.uasset" 208
"../../../strelba/Content/StarterContent/Textures/T_Burst_M.uasset" 209
"../../../strelba/Content/StarterContent/Particles/Materials/M_Burst.uasset" 210
"../../../strelba/Content/StarterContent/Textures/T_Explosion_SubUV.uasset" 211
"../../../strelba/Content/StarterContent/Particles/Materials/M_explosion_subUV.uasset" 212
"../../../strelba/Content/StarterContent/Particles/Materials/m_flare_01.uasset" 213
"../../../Engine/Content/Functions/Engine_MaterialFunctions01/Gradient/RadialGradient.uasset" 214
"../../../strelba/Content/StarterContent/Particles/Materials/M_radial_ramp.uasset" 215
"../../../strelba/Content/StarterContent/Textures/T_Smoke_SubUV.uasset" 216
"../../../strelba/Content/StarterContent/Textures/T_Smoke_Tiled_D.uasset" 217
"../../../strelba/Content/StarterContent/Particles/Materials/M_smoke_subUV.uasset" 218
"../../../strelba/Content/StarterContent/Particles/P_Explosion.uasset" 219
"../../../strelba/Content/StarterContent/Blueprints/Blueprint_Effect_Explosion.uasset" 220
"../../../Engine/Content/EditorMeshes/ColorCalibrator/T_ColorGrid.uasset" 221
"../../../strelba/Content/StarterContent/Materials/M_ColorGrid_LowSpec.uasset" 222
"../../../strelba/Content/StarterContent/Textures/T_Bush_D.uasset" 223
"../../../strelba/Content/StarterContent/Textures/T_Bush_N.uasset" 224
"../../../strelba/Content/StarterContent/Props/Materials/M_Bush.uasset" 225
"../../../strelba/Content/StarterContent/Props/SM_Bush.uasset" 226
"../../../strelba/Content/StarterContent/Textures/T_Chair_M.uasset" 227
"../../../strelba/Content/StarterContent/Textures/T_Chair_N.uasset" 228
"../../../strelba/Content/StarterContent/Props/Materials/M_Chair.uasset" 229
"../../../strelba/Content/StarterContent/Props/SM_Couch.uasset" 230
"../../../strelba/Content/StarterContent/Materials/M_Glass.uasset" 231
"../../../strelba/Content/StarterContent/Textures/T_Door_M.uasset" 232
"../../../strelba/Content/StarterContent/Textures/T_Door_N.uasset" 233
"../../../strelba/Content/StarterContent/Props/Materials/M_Door.uasset" 234
"../../../strelba/Content/StarterContent/Props/SM_Door.uasset" 235
"../../../Engine/Content/EditorBlueprintResources/StandardMacros.uasset" 236
"../../../Engine/Content/EngineSky/C_Sky_Cloud_Color.uasset" 237
"../../../Engine/Content/EngineSky/C_Sky_Horizon_Color.uasset" 238
"../../../Engine/Content/EngineSky/C_Sky_Zenith_Color.uasset" 239
"../../../Engine/Content/EngineSky/T_Sky_Blue.uasset" 240
"../../../Engine/Content/EngineSky/T_Sky_Clouds_M.uasset" 241
"../../../Engine/Content/EngineSky/T_Sky_Stars.uasset" 242
"../../../Engine/Content/EngineSky/M_Sky_Panning_Clouds2.uasset" 243
"../../../Engine/Content/EngineSky/SM_SkySphere.uasset" 244
"../../../Engine/Content/EngineSky/BP_Sky_Sphere.uasset" 245
"../../../strelba/Content/StarterContent/Textures/T_MacroVariation.uasset" 246
"../../../strelba/Content/StarterContent/Materials/M_Metal_Brushed_Nickel.uasset" 247
"../../../strelba/Content/StarterContent/Textures/T_Metal_Aluminum_D.uasset" 248
"../../../strelba/Content/StarterContent/Textures/T_Metal_Gold_N.uasset" 249
"../../../strelba/Content/StarterContent/Materials/M_Metal_Burnished_Steel.uasset" 250
"../../../strelba/Content/StarterContent/Textures/T_Metal_Copper_D.uasset" 251
"../../../strelba/Content/StarterContent/Materials/M_Metal_Copper.uasset" 252
"../../../strelba/Content/StarterContent/Textures/T_Statue_M.uasset" 253
"../../../strelba/Content/StarterContent/Textures/T_Statue_N.uasset" 254
"../../../strelba/Content/StarterContent/Props/Materials/M_StatueGlass.uasset" 255
"../../../strelba/Content/StarterContent/Architecture/Floor_400x400.uasset" 256
"../../../strelba/Content/StarterContent/Audio/Starter_Background_Cue.uasset" 257
"../../../strelba/Content/StarterContent/Props/SM_Chair.uasset" 258
"../../../strelba/Content/StarterContent/Props/Materials/M_Statue.uasset" 259
"../../../strelba/Content/StarterContent/Props/SM_Statue.uasset" 260
"../../../strelba/Content/StarterContent/Textures/T_TableRound_M.uasset" 261
"../../../strelba/Content/StarterContent/Textures/T_TableRound_N.uasset" 262
"../../../strelba/Content/StarterContent/Props/Materials/M_TableRound.uasset" 263
"../../../strelba/Content/StarterContent/Props/SM_TableRound.uasset" 264
"../../../strelba/Content/StarterContent/Maps/Minimal_Default.umap" 265
"../../../strelba/Content/StarterContent/Audio/Fire01_Cue.uasset" 266
"../../../strelba/Content/StarterContent/Textures/T_Fire_SubUV.uasset" 267
"../../../strelba/Content/StarterContent/Textures/T_Fire_Tiled_D.uasset" 268
"../../../strelba/Content/StarterContent/Particles/Materials/M_Fire_SubUV.uasset" 269
"../../../strelba/Content/StarterContent/Textures/T_Water_N.uasset" 270
"../../../strelba/Content/StarterContent/Particles/Materials/M_Heat_Distortion.uasset" 271
"../../../strelba/Content/StarterContent/Particles/Materials/M_Radial_Gradient.uasset" 272
"../../../strelba/Content/StarterContent/Particles/P_Fire.uasset" 273
"../../../strelba/Content/StarterContent/Blueprints/Blueprint_Effect_Fire.uasset" 274
"../../../strelba/Content/StarterContent/Audio/Smoke01_Cue.uasset" 275
"../../../strelba/Content/StarterContent/Particles/P_Smoke.uasset" 276
"../../../strelba/Content/StarterContent/Blueprints/Blueprint_Effect_Smoke.uasset" 277
"../../../strelba/Content/StarterContent/Audio/Fire_Sparks01_Cue.uasset" 278
"../../../strelba/Content/StarterContent/Textures/T_Spark_Core.uasset" 279
"../../../strelba/Content/StarterContent/Particles/Materials/M_Spark.uasset" 280
"../../../strelba/Content/StarterContent/Particles/P_Sparks.uasset" 281
"../../../strelba/Content/StarterContent/Blueprints/Blueprint_Effect_Sparks.uasset" 282
"../../../strelba/Content/StarterContent/Audio/Steam01_Cue.uasset" 283
"../../../strelba/Content/StarterContent/Particles/P_Steam_Lit.uasset" 284
"../../../strelba/Content/StarterContent/Blueprints/Blueprint_Effect_Steam.uasset" 285
"../../../strelba/Content/StarterContent/Textures/T_Lamp_M.uasset" 286
"../../../strelba/Content/StarterContent/Textures/T_Lamp_N.uasset" 287
"../../../strelba/Content/StarterContent/Props/Materials/M_Lamp.uasset" 288
"../../../strelba/Content/StarterContent/Props/SM_Lamp_Ceiling.uasset" 289
"../../../strelba/Content/StarterContent/Blueprints/Blueprint_CeilingLight.uasset" 290
"../../../strelba/Content/StarterContent/Props/SM_Lamp_Wall.uasset" 291
"../../../strelba/Content/StarterContent/Blueprints/Blueprint_WallSconce.uasset" 292
"../../../Engine/Content/Functions/Engine_MaterialFunctions03/Procedurals/ComputeFilterWidth.uasset" 293
"../../../Engine/Content/EngineMaterials/AntiAliasedTextMaterialTranslucent.uasset" 294
"../../../strelba/Content/StarterContent/Textures/T_Brick_Clay_Beveled_D.uasset" 295
"../../../strelba/Content/StarterContent/Textures/T_Brick_Clay_Beveled_M.uasset" 296
"../../../strelba/Content/StarterContent/Textures/T_Brick_Clay_Beveled_N.uasset" 297
"../../../strelba/Content/StarterContent/Materials/M_Brick_Clay_Beveled.uasset" 298
"../../../strelba/Content/StarterContent/Textures/T_Brick_Clay_New_D.uasset" 299
"../../../strelba/Content/StarterContent/Textures/T_Brick_Clay_New_M.uasset" 300
"../../../strelba/Content/StarterContent/Textures/T_Brick_Clay_New_N.uasset" 301
"../../../strelba/Content/StarterContent/Materials/M_Brick_Clay_New.uasset" 302
"../../../strelba/Content/StarterContent/Textures/T_Brick_Clay_Old_D.uasset" 303
"../../../strelba/Content/StarterContent/Textures/T_Brick_Clay_Old_N.uasset" 304
"../../../strelba/Content/StarterContent/Textures/T_Perlin_Noise_M.uasset" 305
"../../../strelba/Content/StarterContent/Materials/M_Brick_Clay_Old.uasset" 306
"../../../strelba/Content/StarterContent/Textures/T_Brick_Cut_Stone_D.uasset" 307
"../../../strelba/Content/StarterContent/Textures/T_Brick_Cut_Stone_N.uasset" 308
"../../../strelba/Content/StarterContent/Materials/M_Brick_Cut_Stone.uasset" 309
"../../../strelba/Content/StarterContent/Textures/T_Brick_Hewn_Stone_D.uasset" 310
"../../../strelba/Content/StarterContent/Textures/T_Brick_Hewn_Stone_M.uasset" 311
"../../../strelba/Content/StarterContent/Textures/T_Brick_Hewn_Stone_N.uasset" 312
"../../../strelba/Content/StarterContent/Materials/M_Brick_Hewn_Stone.uasset" 313
"../../../strelba/Content/StarterContent/Textures/T_Ceramic_Tile_M.uasset" 314
"../../../strelba/Content/StarterContent/Textures/T_Ceramic_Tile_N.uasset" 315
"../../../strelba/Content/StarterContent/Textures/T_Rock_Marble_Polished_D.uasset" 316
"../../../strelba/Content/StarterContent/Materials/M_Ceramic_Tile_Checker.uasset" 317
"../../../strelba/Content/StarterContent/Textures/T_CobbleStone_Pebble_D.uasset" 318
"../../../strelba/Content/StarterContent/Textures/T_CobbleStone_Pebble_M.uasset" 319
"../../../strelba/Content/StarterContent/Textures/T_CobbleStone_Pebble_N.uasset" 320
"../../../strelba/Content/StarterContent/Materials/M_CobbleStone_Pebble.uasset" 321
"../../../strelba/Content/StarterContent/Textures/T_CobbleStone_Rough_D.uasset" 322
"../../../strelba/Content/StarterContent/Textures/T_CobbleStone_Rough_N.uasset" 323
"../../../strelba/Content/StarterContent/Textures/T_Gradinet_01.uasset" 324
"../../../strelba/Content/StarterContent/Textures/T_Rock_Smooth_Granite_D.uasset" 325
"../../../strelba/Content/StarterContent/Materials/M_CobbleStone_Rough.uasset" 326
"../../../strelba/Content/StarterContent/Textures/T_CobbleStone_Smooth_D.uasset" 327
"../../../strelba/Content/StarterContent/Textures/T_CobbleStone_Smooth_M.uasset" 328
"../../../strelba/Content/StarterContent/Textures/T_CobbleStone_Smooth_N.uasset" 329
"../../../strelba/Content/StarterContent/Materials/M_CobbleStone_Smooth.uasset" 330
"../../../strelba/Content/StarterContent/Textures/T_Concrete_Grime_D.uasset" 331
"../../../strelba/Content/StarterContent/Textures/T_Metal_Rust_N.uasset" 332
"../../../strelba/Content/StarterContent/Materials/M_Concrete_Grime.uasset" 333
"../../../strelba/Content/StarterContent/Textures/T_Concrete_Panels_D.uasset" 334
"../../../strelba/Content/StarterContent/Textures/T_Concrete_Panels_N.uasset" 335
"../../../strelba/Content/StarterContent/Materials/M_Concrete_Panels.uasset" 336
"../../../strelba/Content/StarterContent/Textures/T_Concrete_Poured_D.uasset" 337
"../../../strelba/Content/StarterContent/Textures/T_Concrete_Poured_N.uasset" 338
"../../../strelba/Content/StarterContent/Materials/M_Concrete_Poured.uasset" 339
"../../../strelba/Content/StarterContent/Textures/T_Concrete_Tiles_D.uasset" 340
"../../../strelba/Content/StarterContent/Textures/T_Concrete_Tiles_M.uasset" 341
"../../../strelba/Content/StarterContent/Textures/T_Concrete_Tiles_N.uasset" 342
"../../../strelba/Content/StarterContent/Textures/T_Concrete_Tiles_Variation_M.uasset" 343
"../../../strelba/Content/StarterContent/Materials/M_Concrete_Tiles.uasset" 344
"../../../strelba/Content/StarterContent/Textures/T_Ground_Grass_D.uasset" 345
"../../../strelba/Content/StarterContent/Textures/T_Ground_Grass_N.uasset" 346
"../../../strelba/Content/StarterContent/Materials/M_Ground_Grass.uasset" 347
"../../../strelba/Content/StarterContent/Textures/T_Ground_Gravel_D.uasset" 348
"../../../strelba/Content/StarterContent/Textures/T_Ground_Gravel_N.uasset" 349
"../../../strelba/Content/StarterContent/Materials/M_Ground_Gravel.uasset" 350
"../../../strelba/Content/StarterContent/Textures/T_ground_Moss_D.uasset" 351
"../../../strelba/Content/StarterContent/Textures/T_Ground_Moss_N.uasset" 352
"../../../strelba/Content/StarterContent/Materials/M_Ground_Moss.uasset" 353
"../../../strelba/Content/StarterContent/Materials/M_Metal_Chrome.uasset" 354
"../../../strelba/Content/StarterContent/Textures/T_Metal_Gold_D.uasset" 355
"../../../strelba/Content/StarterContent/Materials/M_Metal_Gold.uasset" 356
"../../../strelba/Content/StarterContent/Textures/T_Metal_Rust_D.uasset" 357
"../../../strelba/Content/StarterContent/Materials/M_Metal_Rust.uasset" 358
"../../../strelba/Content/StarterContent/Textures/T_Metal_Steel_D.uasset" 359
"../../../strelba/Content/StarterContent/Textures/T_Metal_Steel_N.uasset" 360
"../../../strelba/Content/StarterContent/Materials/M_Metal_Steel.uasset" 361
"../../../strelba/Content/StarterContent/Textures/T_Rock_Basalt_N.uasset" 362
"../../../strelba/Content/StarterContent/Materials/M_Rock_Basalt.uasset" 363
"../../../strelba/Content/StarterContent/Materials/M_Rock_Marble_Polished.uasset" 364
"../../../strelba/Content/StarterContent/Textures/T_Rock_Sandstone_D.uasset" 365
"../../../strelba/Content/StarterContent/Textures/T_Rock_Sandstone_N.uasset" 366
"../../../strelba/Content/StarterContent/Materials/M_Rock_Sandstone.uasset" 367
"../../../strelba/Content/StarterContent/Textures/T_Rock_Slate_D.uasset" 368
"../../../strelba/Content/StarterContent/Textures/T_Rock_Slate_N.uasset" 369
"../../../strelba/Content/StarterContent/Materials/M_Rock_Slate.uasset" 370
"../../../strelba/Content/StarterContent/Textures/T_Checker_Noise_M.uasset" 371
"../../../strelba/Content/StarterContent/Textures/T_Single_Tile_N.uasset" 372
"../../../strelba/Content/StarterContent/Textures/T_Tech_Dot_M.uasset" 373
"../../../strelba/Content/StarterContent/Textures/T_Tech_Dot_N.uasset" 374
"../../../strelba/Content/StarterContent/Materials/M_Tech_Checker_Dot.uasset" 375
"../../../strelba/Content/StarterContent/Textures/T_Tech_Hex_Tile_M.uasset" 376
"../../../strelba/Content/StarterContent/Textures/T_Tech_Hex_Tile_N.uasset" 377
"../../../strelba/Content/StarterContent/Materials/M_Tech_Hex_Tile.uasset" 378
"../../../strelba/Content/StarterContent/Materials/M_Tech_Hex_Tile_Pulse.uasset" 379
"../../../strelba/Content/StarterContent/Textures/T_Tech_Panel_M.uasset" 380
"../../../strelba/Content/StarterContent/Textures/T_Tech_Panel_N.uasset" 381
"../../../strelba/Content/StarterContent/Materials/M_Tech_Panel.uasset" 382
"../../../strelba/Content/StarterContent/Materials/M_Water_Lake.uasset" 383
"../../../strelba/Content/StarterContent/Textures/T_Water_M.uasset" 384
"../../../strelba/Content/StarterContent/Materials/M_Water_Ocean.uasset" 385
"../../../strelba/Content/StarterContent/Textures/T_Wood_Floor_Walnut_D.uasset" 386
"../../../strelba/Content/StarterContent/Textures/T_Wood_Floor_Walnut_M.uasset" 387
"../../../strelba/Content/StarterContent/Textures/T_Wood_Floor_Walnut_N.uasset" 388
"../../../strelba/Content/StarterContent/Materials/M_Wood_Floor_Walnut_Polished.uasset" 389
"../../../Engine/Content/Functions/Engine_MaterialFunctions01/Opacity/AlphaOffset.uasset" 390
"../../../strelba/Content/StarterContent/Materials/M_Wood_Floor_Walnut_Worn.uasset" 391
"../../../strelba/Content/StarterContent/Textures/T_Wood_Oak_D.uasset" 392
"../../../strelba/Content/StarterContent/Textures/T_Wood_Oak_N.uasset" 393
"../../../strelba/Content/StarterContent/Materials/M_Wood_Oak.uasset" 394
"../../../strelba/Content/StarterContent/Textures/T_Wood_Pine_D.uasset" 395
"../../../strelba/Content/StarterContent/Textures/T_Wood_Pine_N.uasset" 396
"../../../strelba/Content/StarterContent/Materials/M_Wood_Pine.uasset" 397
"../../../strelba/Content/StarterContent/Textures/T_Wood_Walnut_D.uasset" 398
"../../../strelba/Content/StarterContent/Textures/T_Wood_Walnut_N.uasset" 399
"../../../strelba/Content/StarterContent/Materials/M_Wood_Walnut.uasset" 400
"../../../strelba/Content/StarterContent/Architecture/Wall_400x200.uasset" 401
"../../../strelba/Content/StarterContent/Architecture/Wall_Door_400x300.uasset" 402
"../../../strelba/Content/StarterContent/Architecture/Wall_Window_400x300.uasset" 403
"../../../strelba/Content/StarterContent/Audio/Collapse_Cue.uasset" 404
"../../../strelba/Content/StarterContent/Audio/Starter_Music_Cue.uasset" 405
"../../../strelba/Content/StarterContent/Textures/T_Dust_Particle_D.uasset" 406
"../../../strelba/Content/StarterContent/Particles/Materials/M_Dust_Particle.uasset" 407
"../../../strelba/Content/StarterContent/Particles/P_Ambient_Dust.uasset" 408
"../../../strelba/Content/StarterContent/Props/MaterialSphere.uasset" 409
"../../../strelba/Content/StarterContent/Textures/T_Frame_M.uasset" 410
"../../../strelba/Content/StarterContent/Textures/T_Frame_N.uasset" 411
"../../../strelba/Content/StarterContent/Props/Materials/M_Frame.uasset" 412
"../../../strelba/Content/StarterContent/Props/SM_CornerFrame.uasset" 413
"../../../strelba/Content/StarterContent/Props/SM_DoorFrame.uasset" 414
"../../../strelba/Content/StarterContent/Props/SM_GlassWindow.uasset" 415
"../../../strelba/Content/StarterContent/Props/SM_PillarFrame.uasset" 416
"../../../strelba/Content/StarterContent/Props/SM_PillarFrame300.uasset" 417
"../../../strelba/Content/StarterContent/Props/SM_WindowFrame.uasset" 418
"../../../strelba/Content/StarterContent/Shapes/Shape_Cube.uasset" 419
"../../../strelba/Content/StarterContent/Shapes/Shape_QuadPyramid.uasset" 420
"../../../strelba/Content/StarterContent/Shapes/Shape_Sphere.uasset" 421
"../../../strelba/Content/StarterContent/Maps/StarterMap.umap" 422
"../../../Engine/Content/EngineMaterials/DefaultNormal.uasset" 423
"../../../Engine/Content/Maps/Entry.umap" 424
"../../../strelba/Content/FirstPerson/Character/Mesh/SK_Mannequin_Arms_Skeleton.uasset" 425
"../../../strelba/Content/FirstPerson/Animations/FirstPerson_Idle.uasset" 426
"../../../strelba/Content/FirstPerson/Animations/FirstPerson_JumpEnd.uasset" 427
"../../../strelba/Content/FirstPerson/Animations/FirstPerson_JumpLoop.uasset" 428
"../../../strelba/Content/FirstPerson/Animations/FirstPerson_JumpStart.uasset" 429
"../../../strelba/Content/FirstPerson/Animations/FirstPerson_Run.uasset" 430
"../../../strelba/Content/FirstPerson/Animations/FirstPerson_AnimBP.uasset" 431
"../../../strelba/Content/FirstPerson/Animations/FirstPerson_Fire.uasset" 432
"../../../strelba/Content/FirstPerson/Animations/FirstPersonFire_Montage.uasset" 433
"../../../Engine/Content/BasicShapes/Cylinder.uasset" 434
"../../../strelba/Content/FirstPersonBP/Blueprints/Gun/Bariels.uasset" 435
"../../../strelba/Content/FirstPerson/Meshes/BaseMaterial.uasset" 436
"../../../strelba/Content/FirstPerson/Meshes/FirstPersonProjectileMaterial.uasset" 437
"../../../strelba/Content/FirstPerson/Meshes/FirstPersonProjectileMesh.uasset" 438
"../../../strelba/Content/FirstPersonBP/Blueprints/Gun/Bazuka.uasset" 439
"../../../strelba/Content/FirstPersonBP/Blueprints/Gun/Granade.uasset" 440
"../../../strelba/Content/Enemy/PuliaEnemy.uasset" 441
"../../../strelba/Content/Enemy/Red.uasset" 442
"../../../Engine/Content/MapTemplates/Sky/DaylightAmbientCubemap.uasset" 443
"../../../strelba/Content/StarterContent/Blueprints/Assets/M_LightStage_Skybox_Master.uasset" 444
"../../../strelba/Content/StarterContent/Blueprints/Assets/M_LightStage_Skybox_Black.uasset" 445
"../../../Engine/Content/BasicShapes/Cone.uasset" 446
"../../../Engine/Content/BasicShapes/Cube.uasset" 447
"../../../strelba/Content/Enemy/Enemy2.uasset" 448
"../../../strelba/Content/Enemy/Raund.uasset" 449
"../../../strelba/Content/FirstPersonBP/Blueprints/Gun/Sounds/Rounds.uasset" 450
"../../../strelba/Content/Enemy/Enemy_Spawn.uasset" 451
"../../../strelba/Content/Enemy/Enemy_Spawn2.uasset" 452
"../../../strelba/Content/FirstPersonBP/Blueprints/Gun/Sounds/WallDestroy.uasset" 453
"../../../strelba/Content/FirstPersonBP/Blueprints/Gun/Wall.uasset" 454
"../../../strelba/Content/FirstPerson/Meshes/CubeMaterialOverride.uasset" 455
"../../../strelba/Content/Enemy/Enemy.uasset" 456
"../../../strelba/Content/FirstPersonBP/Blueprints/Gun/Sounds/Mine.uasset" 457
"../../../strelba/Content/FirstPersonBP/Blueprints/Gun/Mine.uasset" 458
"../../../strelba/Content/FirstPersonBP/Blueprints/Gun/Pistol.uasset" 459
"../../../strelba/Content/FirstPersonBP/Blueprints/Gun/Pulemet.uasset" 460
"../../../strelba/Content/FirstPersonBP/Blueprints/Gun/Shoutgun.uasset" 461
"../../../strelba/Content/FirstPersonBP/Blueprints/Gun/Uzi.uasset" 462
"../../../strelba/Content/Geometry/NewInterface.uasset" 463
"../../../strelba/Content/FirstPersonBP/Blueprints/Health_Bar.uasset" 464
"../../../strelba/Content/FirstPerson/Audio/FirstPersonTemplateWeaponFire02.uasset" 465
"../../../Engine/Content/Functions/MaterialLayerFunctions/MatLayerBlend_NormalBlend.uasset" 466
"../../../Engine/Content/Functions/MaterialLayerFunctions/MatLayerBlend_Simple.uasset" 467
"../../../strelba/Content/FirstPerson/Character/Materials/MaterialLayers/T_ML_Rubber_Blue_01_D.uasset" 468
"../../../strelba/Content/FirstPerson/Character/Materials/MaterialLayers/T_ML_Rubber_Blue_01_N.uasset" 469
"../../../strelba/Content/FirstPerson/Character/Materials/MaterialLayers/ML_GlossyBlack_Latex_UE4.uasset" 470
"../../../strelba/Content/FirstPerson/Character/Materials/MaterialLayers/ML_Plastic_Shiny_Beige.uasset" 471
"../../../strelba/Content/FirstPerson/Character/Textures/UE4_LOGO_CARD.uasset" 472
"../../../strelba/Content/FirstPerson/Character/Materials/MaterialLayers/ML_Plastic_Shiny_Beige_LOGO.uasset" 473
"../../../strelba/Content/FirstPerson/Character/Materials/MaterialLayers/T_ML_Aluminum01.uasset" 474
"../../../strelba/Content/FirstPerson/Character/Materials/MaterialLayers/T_ML_Aluminum01_N.uasset" 475
"../../../strelba/Content/FirstPerson/Character/Materials/MaterialLayers/ML_SoftMetal_UE4.uasset" 476
"../../../strelba/Content/FirstPerson/Character/Textures/UE4_Mannequin__normals.uasset" 477
"../../../strelba/Content/FirstPerson/Character/Textures/UE4_Mannequin_MAT_MASKA.uasset" 478
"../../../strelba/Content/FirstPerson/Character/Materials/M_UE4Man_Body.uasset" 479
"../../../strelba/Content/FirstPerson/Character/Mesh/SK_Mannequin_Arms_PhysicsAsset.uasset" 480
"../../../strelba/Content/FirstPerson/Character/Mesh/SK_Mannequin_Arms.uasset" 481
"../../../strelba/Content/FirstPerson/FPWeapon/Materials/MaterialLayers/T_ML_Rubber_Blue_01_D.uasset" 482
"../../../strelba/Content/FirstPerson/FPWeapon/Materials/MaterialLayers/T_ML_Rubber_Blue_01_N.uasset" 483
"../../../strelba/Content/FirstPerson/FPWeapon/Materials/MaterialLayers/ML_GlossyBlack_Latex_UE4.uasset" 484
"../../../strelba/Content/FirstPerson/FPWeapon/Materials/MaterialLayers/ML_Plastic_Shiny_Beige.uasset" 485
"../../../strelba/Content/FirstPerson/FPWeapon/Materials/MaterialLayers/ML_Screen.uasset" 486
"../../../strelba/Content/FirstPerson/FPWeapon/Materials/MaterialLayers/T_ML_Aluminum01.uasset" 487
"../../../strelba/Content/FirstPerson/FPWeapon/Materials/MaterialLayers/T_ML_Aluminum01_N.uasset" 488
"../../../strelba/Content/FirstPerson/FPWeapon/Materials/MaterialLayers/ML_SoftMetal_UE4.uasset" 489
"../../../strelba/Content/FirstPerson/FPWeapon/Textures/T_FPGun_M.uasset" 490
"../../../strelba/Content/FirstPerson/FPWeapon/Textures/T_FPGun_N.uasset" 491
"../../../strelba/Content/FirstPerson/FPWeapon/Materials/M_FPGun.uasset" 492
"../../../strelba/Content/FirstPerson/FPWeapon/Mesh/SK_FPGun_Skeleton.uasset" 493
"../../../strelba/Content/FirstPerson/FPWeapon/Mesh/SK_FPGun.uasset" 494
"../../../strelba/Content/FirstPersonBP/Blueprints/Gun/Sounds/BarielsPut.uasset" 495
"../../../strelba/Content/FirstPersonBP/Blueprints/Gun/Sounds/bazuka.uasset" 496
"../../../strelba/Content/FirstPersonBP/Blueprints/Gun/Sounds/CLICK.uasset" 497
"../../../strelba/Content/FirstPersonBP/Blueprints/Gun/Sounds/GranadeSound.uasset" 498
"../../../strelba/Content/FirstPersonBP/Blueprints/Gun/Sounds/Laser_Chick.uasset" 499
"../../../strelba/Content/FirstPersonBP/Blueprints/Gun/Sounds/PistolSound.uasset" 500
"../../../strelba/Content/FirstPersonBP/Blueprints/Gun/Sounds/PulemetSound.uasset" 501
"../../../strelba/Content/FirstPersonBP/Blueprints/Gun/Sounds/WallPut.uasset" 502
"../../../strelba/Content/FirstPersonBP/Blueprints/FirstPersonCharacter.uasset" 503
"../../../strelba/Content/FirstPerson/Textures/FirstPersonCrosshair.uasset" 504
"../../../strelba/Content/FirstPersonBP/Blueprints/FirstPersonHUD.uasset" 505
"../../../strelba/Content/FirstPersonBP/Blueprints/FirstPersonGameMode.uasset" 506
"../../../strelba/Content/Geometry/cub.uasset" 507
"../../../strelba/Content/Geometry/Meshes/1M_Cube.uasset" 508
"../../../strelba/Content/FirstPersonBP/Maps/FirstPersonExampleMap.umap" 509
"../../../strelba/Content/StarterContent/Blueprints/Assets/FogBrightnessLUT.uasset" 510
"../../../strelba/Content/StarterContent/Blueprints/Assets/SunlightColorLUT.uasset" 511
"../../../strelba/Content/StarterContent/Blueprints/Assets/M_LightStage_Arrows.uasset" 512
"../../../strelba/Content/StarterContent/Blueprints/Assets/M_LightStage_Skybox_HDRI.uasset" 513
"../../../Engine/Content/EditorMaterials/Thumbnails/SkySphereMaterial.uasset" 514
"../../../strelba/Content/StarterContent/Blueprints/Assets/Skybox.uasset" 515
"../../../strelba/Content/StarterContent/Blueprints/Assets/SM_Arrows.uasset" 516
"../../../strelba/Content/StarterContent/HDRI/HDRI_Epic_Courtyard_Daylight.uasset" 517
"../../../strelba/Content/StarterContent/Blueprints/BP_LightStudio.uasset" 518
"../../../strelba/Content/StarterContent/Materials/M_AssetPlatform.uasset" 519
"../../../Engine/Content/EditorMeshes/ColorCalibrator/M_ChromeBall.uasset" 520
"../../../Engine/Content/EditorMeshes/ColorCalibrator/M_ClearCoat.uasset" 521
"../../../Engine/Content/EditorMeshes/ColorCalibrator/M_ClearCoatBlack.uasset" 522
"../../../Engine/Content/EditorMeshes/ColorCalibrator/M_ColorGrid.uasset" 523
"../../../Engine/Content/EditorMeshes/ColorCalibrator/M_GreyBall.uasset" 524
"../../../Engine/Content/EditorMeshes/ColorCalibrator/SM_ColorCalibrator.uasset" 525
"../../../strelba/Content/StarterContent/Architecture/SM_AssetPlatform.uasset" 526
"../../../strelba/Content/StarterContent/Maps/Advanced_Lighting.umap" 527
